10:08:25.062 : [.\SvrQuotServer.cpp][103]:读取连接CTP参数成功
10:08:25.093 : [.\PlatformCTPQuotImpl.cpp][223]:=========》ReInitCtpConnect

10:08:25.093 : [.\PlatformCTPQuot.cpp][89]:Login CTP：m_pQuotApi(734b550)
10:08:25.093 : [.\SvrQuotServerImpl.cpp][12]:删除交易日的线程成功进入
10:08:25.156 : [.\SvrQuotServerImpl.cpp][388]:DROP TABLE 'AQUOTINFO_20140225'
10:08:25.156 : [.\SvrQuotServerImpl.cpp][388]:DROP TABLE 'AQUOTINFO_20140226'
10:08:25.156 : [.\SvrQuotServerImpl.cpp][388]:DROP TABLE 'AQUOTINFO_20140228'
10:08:25.171 : [.\SvrQuotServerImpl.cpp][388]:DROP TABLE 'AQUOTINFO_20140303'
10:08:25.171 : [.\SvrQuotServerImpl.cpp][388]:DROP TABLE 'AQUOTINFO_20140304'
10:08:25.187 : [.\SvrQuotServerImpl.cpp][388]:DROP TABLE 'AQUOTINFO_20140305'
10:08:25.203 : [.\SvrQuotServerImpl.cpp][388]:DROP TABLE 'AQUOTINFO_20140306'
10:08:25.218 : [.\SvrQuotServerImpl.cpp][388]:DROP TABLE 'AQUOTINFO_20140307'
10:08:25.218 : [.\SvrQuotServerImpl.cpp][388]:DROP TABLE 'AQUOTINFO_20140310'
10:08:25.234 : [.\SvrQuotServerImpl.cpp][388]:DROP TABLE 'AQUOTINFO_20140311'
10:08:25.250 : [.\SvrQuotServerImpl.cpp][388]:DROP TABLE 'AQUOTINFO_20140312'
10:08:25.250 : [.\SvrQuotServerImpl.cpp][388]:DROP TABLE 'AQUOTINFO_20140313'
10:08:25.265 : [.\SvrQuotServerImpl.cpp][388]:DROP TABLE 'AQUOTINFO_20140314'
10:08:25.265 : [.\SvrQuotServerImpl.cpp][388]:DROP TABLE 'AQUOTINFO_20140401'
10:08:25.265 : [.\SvrQuotServerImpl.cpp][20]:删除交易日的线程成功退出
10:08:25.406 : [.\PlatformCTPQuot.cpp][271]:CPlatformCTPQuot::OnFrontConnected(与交易所成功建立TCP连接):
									 --->ReqUserLogin(用户登录请求):ret=[0],iRequestID=[0],BrokerID=[8090],UserID=[01159539933]

10:08:25.437 : [.\PlatformCTPQuot.cpp][317]:CPlatformCTPQuot::OnRspUserLogin(登录请求响应):
									 ErrorID=[0],ErrorMsg=[No Error],nRequestID=[0],bIsLast=[1]
									 TradingDay=[20140401],	 LoginTime=[],	 BrokerID=[],	 UserID=[],	 SystemName=[]
									 FrontID=[0],	 SessionID=[0],	 MaxOrderRef[],	 SHFETime=[],	 DCETime=[],
									 CZCETime[],	 FFEXTime=[],	 CurTickCount=[3755171l]
10:09:17.015 : [.\SvrQuotServer.cpp][103]:读取连接CTP参数成功
10:09:17.031 : [.\PlatformCTPQuotImpl.cpp][223]:=========》ReInitCtpConnect

10:09:17.031 : [.\PlatformCTPQuot.cpp][89]:Login CTP：m_pQuotApi(734b550)
10:09:17.031 : [.\SvrQuotServerImpl.cpp][12]:删除交易日的线程成功进入
10:09:17.046 : [.\SvrQuotServerImpl.cpp][388]:DROP TABLE 'AQUOTINFO_20140225'
10:09:17.062 : [.\SvrQuotServerImpl.cpp][388]:DROP TABLE 'AQUOTINFO_20140226'
10:09:17.078 : [.\SvrQuotServerImpl.cpp][388]:DROP TABLE 'AQUOTINFO_20140228'
10:09:17.078 : [.\SvrQuotServerImpl.cpp][388]:DROP TABLE 'AQUOTINFO_20140303'
10:09:17.093 : [.\SvrQuotServerImpl.cpp][388]:DROP TABLE 'AQUOTINFO_20140304'
10:09:17.109 : [.\PlatformCTPQuot.cpp][271]:CPlatformCTPQuot::OnFrontConnected(与交易所成功建立TCP连接):
									 --->ReqUserLogin(用户登录请求):ret=[0],iRequestID=[0],BrokerID=[8090],UserID=[01159539933]

10:09:17.109 : [.\SvrQuotServerImpl.cpp][388]:DROP TABLE 'AQUOTINFO_20140305'
10:09:17.109 : [.\SvrQuotServerImpl.cpp][388]:DROP TABLE 'AQUOTINFO_20140306'
10:09:17.125 : [.\SvrQuotServerImpl.cpp][388]:DROP TABLE 'AQUOTINFO_20140307'
10:09:17.125 : [.\SvrQuotServerImpl.cpp][388]:DROP TABLE 'AQUOTINFO_20140310'
10:09:17.125 : [.\SvrQuotServerImpl.cpp][388]:DROP TABLE 'AQUOTINFO_20140311'
10:09:17.140 : [.\PlatformCTPQuot.cpp][317]:CPlatformCTPQuot::OnRspUserLogin(登录请求响应):
									 ErrorID=[0],ErrorMsg=[No Error],nRequestID=[0],bIsLast=[1]
									 TradingDay=[20140401],	 LoginTime=[],	 BrokerID=[],	 UserID=[],	 SystemName=[]
									 FrontID=[0],	 SessionID=[0],	 MaxOrderRef[],	 SHFETime=[],	 DCETime=[],
									 CZCETime[],	 FFEXTime=[],	 CurTickCount=[3806875l]
10:09:17.140 : [.\SvrQuotServerImpl.cpp][388]:DROP TABLE 'AQUOTINFO_20140312'
10:09:17.140 : [.\SvrQuotServerImpl.cpp][388]:DROP TABLE 'AQUOTINFO_20140313'
10:09:17.156 : [.\SvrQuotServerImpl.cpp][388]:DROP TABLE 'AQUOTINFO_20140314'
10:09:17.156 : [.\SvrQuotServerImpl.cpp][388]:DROP TABLE 'AQUOTINFO_20140401'
10:09:17.156 : [.\SvrQuotServerImpl.cpp][20]:删除交易日的线程成功退出
10:09:47.000 : [.\SvrQuotServer.cpp][336]:连接登录CTP成功  ...
