2014-04-01 10:08:24.750 : ,02,Connecting
Conncect
2014-04-01 10:08:24.750 : ,02,institution, institution, orcl

2014-04-01 10:08:24.984 : ,02,Connected success
Conncect
2014-04-01 10:08:25.046 : ,02,Is Connected
IsConnected
2014-04-01 10:08:25.046 : ,02,Is Connected
IsConnected
2014-04-01 10:08:25.093 : ,02,Is Connected
IsConnected
2014-04-01 10:08:25.156 : ,02,Is Connected
IsConnected
2014-04-01 10:08:25.156 : ,02,ORA-00903: 表名无效

DROP TABLE 'AQUOTINFO_20140225'
2014-04-01 10:08:25.156 : ,02,Is Connected
IsConnected
2014-04-01 10:08:25.156 : ,02,ORA-00903: 表名无效

DROP TABLE 'AQUOTINFO_20140226'
2014-04-01 10:08:25.156 : ,02,Is Connected
IsConnected
2014-04-01 10:08:25.171 : ,02,ORA-00903: 表名无效

DROP TABLE 'AQUOTINFO_20140228'
2014-04-01 10:08:25.171 : ,02,Is Connected
IsConnected
2014-04-01 10:08:25.171 : ,02,ORA-00903: 表名无效

DROP TABLE 'AQUOTINFO_20140303'
2014-04-01 10:08:25.171 : ,02,Is Connected
IsConnected
2014-04-01 10:08:25.187 : ,02,ORA-00903: 表名无效

DROP TABLE 'AQUOTINFO_20140304'
2014-04-01 10:08:25.203 : ,02,Is Connected
IsConnected
2014-04-01 10:08:25.203 : ,02,ORA-00903: 表名无效

DROP TABLE 'AQUOTINFO_20140305'
2014-04-01 10:08:25.203 : ,02,Is Connected
IsConnected
2014-04-01 10:08:25.218 : ,02,ORA-00903: 表名无效

DROP TABLE 'AQUOTINFO_20140306'
2014-04-01 10:08:25.218 : ,02,Is Connected
IsConnected
2014-04-01 10:08:25.218 : ,02,ORA-00903: 表名无效

DROP TABLE 'AQUOTINFO_20140307'
2014-04-01 10:08:25.234 : ,02,Is Connected
IsConnected
2014-04-01 10:08:25.234 : ,02,ORA-00903: 表名无效

DROP TABLE 'AQUOTINFO_20140310'
2014-04-01 10:08:25.234 : ,02,Is Connected
IsConnected
2014-04-01 10:08:25.250 : ,02,ORA-00903: 表名无效

DROP TABLE 'AQUOTINFO_20140311'
2014-04-01 10:08:25.250 : ,02,Is Connected
IsConnected
2014-04-01 10:08:25.250 : ,02,ORA-00903: 表名无效

DROP TABLE 'AQUOTINFO_20140312'
2014-04-01 10:08:25.250 : ,02,Is Connected
IsConnected
2014-04-01 10:08:25.265 : ,02,ORA-00903: 表名无效

DROP TABLE 'AQUOTINFO_20140313'
2014-04-01 10:08:25.265 : ,02,Is Connected
IsConnected
2014-04-01 10:08:25.265 : ,02,ORA-00903: 表名无效

DROP TABLE 'AQUOTINFO_20140314'
2014-04-01 10:08:25.265 : ,02,Is Connected
IsConnected
2014-04-01 10:08:25.265 : ,02,ORA-00903: 表名无效

DROP TABLE 'AQUOTINFO_20140401'
2014-04-01 10:08:29.093 : ,02,Is Connected
IsConnected
2014-04-01 10:08:29.093 : ,02,ORA-00936: 缺失表达式

delete STRATEGY_STRATEGY t where t.STRATEGYNAME = 
2014-04-01 10:09:16.765 : ,02,Connecting
Conncect
2014-04-01 10:09:16.765 : ,02,institution, institution, orcl

2014-04-01 10:09:17.000 : ,02,Connected success
Conncect
2014-04-01 10:09:17.000 : ,02,Is Connected
IsConnected
2014-04-01 10:09:17.000 : ,02,Is Connected
IsConnected
2014-04-01 10:09:17.046 : ,02,Is Connected
IsConnected
2014-04-01 10:09:17.046 : ,02,Is Connected
IsConnected
2014-04-01 10:09:17.062 : ,02,ORA-00903: 表名无效

DROP TABLE 'AQUOTINFO_20140225'
2014-04-01 10:09:17.078 : ,02,Is Connected
IsConnected
2014-04-01 10:09:17.078 : ,02,ORA-00903: 表名无效

DROP TABLE 'AQUOTINFO_20140226'
2014-04-01 10:09:17.078 : ,02,Is Connected
IsConnected
2014-04-01 10:09:17.078 : ,02,ORA-00903: 表名无效

DROP TABLE 'AQUOTINFO_20140228'
2014-04-01 10:09:17.078 : ,02,Is Connected
IsConnected
2014-04-01 10:09:17.078 : ,02,ORA-00903: 表名无效

DROP TABLE 'AQUOTINFO_20140303'
2014-04-01 10:09:17.109 : ,02,Is Connected
IsConnected
2014-04-01 10:09:17.109 : ,02,ORA-00903: 表名无效

DROP TABLE 'AQUOTINFO_20140304'
2014-04-01 10:09:17.109 : ,02,Is Connected
IsConnected
2014-04-01 10:09:17.109 : ,02,ORA-00903: 表名无效

DROP TABLE 'AQUOTINFO_20140305'
2014-04-01 10:09:17.109 : ,02,Is Connected
IsConnected
2014-04-01 10:09:17.125 : ,02,ORA-00903: 表名无效

DROP TABLE 'AQUOTINFO_20140306'
2014-04-01 10:09:17.125 : ,02,Is Connected
IsConnected
2014-04-01 10:09:17.125 : ,02,ORA-00903: 表名无效

DROP TABLE 'AQUOTINFO_20140307'
2014-04-01 10:09:17.125 : ,02,Is Connected
IsConnected
2014-04-01 10:09:17.125 : ,02,ORA-00903: 表名无效

DROP TABLE 'AQUOTINFO_20140310'
2014-04-01 10:09:17.125 : ,02,Is Connected
IsConnected
2014-04-01 10:09:17.140 : ,02,ORA-00903: 表名无效

DROP TABLE 'AQUOTINFO_20140311'
2014-04-01 10:09:17.140 : ,02,Is Connected
IsConnected
2014-04-01 10:09:17.140 : ,02,ORA-00903: 表名无效

DROP TABLE 'AQUOTINFO_20140312'
2014-04-01 10:09:17.140 : ,02,Is Connected
IsConnected
2014-04-01 10:09:17.156 : ,02,ORA-00903: 表名无效

DROP TABLE 'AQUOTINFO_20140313'
2014-04-01 10:09:17.156 : ,02,Is Connected
IsConnected
2014-04-01 10:09:17.156 : ,02,ORA-00903: 表名无效

DROP TABLE 'AQUOTINFO_20140314'
2014-04-01 10:09:17.156 : ,02,Is Connected
IsConnected
2014-04-01 10:09:17.156 : ,02,ORA-00903: 表名无效

DROP TABLE 'AQUOTINFO_20140401'
2014-04-01 10:09:21.031 : ,02,Is Connected
IsConnected
2014-04-01 10:09:40.328 : ,02,ORA-00936: 缺失表达式

delete STRATEGY_STRATEGY t where t.STRATEGYNAME = 
