17:09:37.359 : [.\SvrQuotServer.cpp][84]:读取连接CTP参数成功
17:09:37.375 : [.\PlatformCTPQuotImpl.cpp][222]:=========》ReInitCtpConnect

17:09:37.375 : [.\PlatformCTPQuot.cpp][89]:Login CTP：m_pQuotApi(773da68)
17:09:37.375 : [.\SvrQuotServerImpl.cpp][12]:删除交易日的线程成功进入
17:09:53.562 : [.\SimulateQuotMgr.cpp][752]:select  tt.validatedate, tt.updatetime from (select  validatedate, updatetime from AQUOTINFO_20140228 order by updatetime) tt where rownum = 1
17:09:53.562 : [.\PlatformCTPQuot.cpp][271]:CPlatformCTPQuot::OnFrontConnected(与交易所成功建立TCP连接):
									 --->ReqUserLogin(用户登录请求):ret=[0],iRequestID=[0],BrokerID=[8090],UserID=[01159539933]

17:09:53.578 : [.\SvrQuotServerImpl.cpp][20]:删除交易日的线程成功退出
17:09:53.593 : [.\PlatformCTPQuot.cpp][317]:CPlatformCTPQuot::OnRspUserLogin(登录请求响应):
									 ErrorID=[0],ErrorMsg=[No Error],nRequestID=[0],bIsLast=[1]
									 TradingDay=[20140228],	 LoginTime=[],	 BrokerID=[],	 UserID=[],	 SystemName=[]
									 FrontID=[0],	 SessionID=[0],	 MaxOrderRef[],	 SHFETime=[],	 DCETime=[],
									 CZCETime[],	 FFEXTime=[],	 CurTickCount=[31153406l]
17:09:53.609 : [.\SimulateQuotMgr.cpp][767]:--------20140228 09:29:37
17:09:56.671 : [.\SimulateQuotMgr.cpp][151]:=====select * from "AQUOTINFO_20140228" t where t.updatetime between '09:29:37' and '09:30:37' and t.validatedate = '20140228' order by t.updatetime CONUT(3)
17:09:56.687 : [.\SimulateQuotMgr.cpp][151]:=====select * from "AQUOTINFO_20140228" t where t.updatetime between '09:31:37' and '09:32:37' and t.validatedate = '20140228' order by t.updatetime CONUT(1)
17:09:56.703 : [.\SimulateQuotMgr.cpp][151]:=====select * from "AQUOTINFO_20140228" t where t.updatetime between '09:32:37' and '09:33:37' and t.validatedate = '20140228' order by t.updatetime CONUT(2)
17:09:56.734 : [.\SimulateQuotMgr.cpp][151]:=====select * from "AQUOTINFO_20140228" t where t.updatetime between '09:35:37' and '09:36:37' and t.validatedate = '20140228' order by t.updatetime CONUT(2)
17:09:56.750 : [.\SimulateQuotMgr.cpp][151]:=====select * from "AQUOTINFO_20140228" t where t.updatetime between '09:37:37' and '09:38:37' and t.validatedate = '20140228' order by t.updatetime CONUT(2)
17:09:56.765 : [.\SimulateQuotMgr.cpp][151]:=====select * from "AQUOTINFO_20140228" t where t.updatetime between '09:39:37' and '09:40:37' and t.validatedate = '20140228' order by t.updatetime CONUT(6)
17:10:09.468 : [.\SimulateQuotMgr.cpp][443]:模拟调用 Inst=IO1405-C-2350
17:10:13.109 : [.\SimulateQuotMgr.cpp][443]:模拟调用 Inst=IO1405-C-2350
17:10:13.109 : [.\SimulateQuotMgr.cpp][151]:=====select * from "AQUOTINFO_20140228" t where t.updatetime between '09:42:37' and '09:43:37' and t.validatedate = '20140228' order by t.updatetime CONUT(2)
17:10:13.125 : [.\SimulateQuotMgr.cpp][151]:=====select * from "AQUOTINFO_20140228" t where t.updatetime between '09:44:37' and '09:45:37' and t.validatedate = '20140228' order by t.updatetime CONUT(2)
17:10:13.140 : [.\SimulateQuotMgr.cpp][151]:=====select * from "AQUOTINFO_20140228" t where t.updatetime between '09:46:37' and '09:47:37' and t.validatedate = '20140228' order by t.updatetime CONUT(4)
17:10:13.156 : [.\SimulateQuotMgr.cpp][151]:=====select * from "AQUOTINFO_20140228" t where t.updatetime between '09:47:37' and '09:48:37' and t.validatedate = '20140228' order by t.updatetime CONUT(1)
17:10:13.156 : [.\SimulateQuotMgr.cpp][151]:=====select * from "AQUOTINFO_20140228" t where t.updatetime between '09:48:37' and '09:49:37' and t.validatedate = '20140228' order by t.updatetime CONUT(2)
17:10:13.171 : [.\SimulateQuotMgr.cpp][151]:=====select * from "AQUOTINFO_20140228" t where t.updatetime between '09:50:37' and '09:51:37' and t.validatedate = '20140228' order by t.updatetime CONUT(2)
17:10:13.187 : [.\SimulateQuotMgr.cpp][151]:=====select * from "AQUOTINFO_20140228" t where t.updatetime between '09:51:37' and '09:52:37' and t.validatedate = '20140228' order by t.updatetime CONUT(6)
17:10:13.250 : [.\SimulateQuotMgr.cpp][151]:=====select * from "AQUOTINFO_20140228" t where t.updatetime between '10:00:37' and '10:01:37' and t.validatedate = '20140228' order by t.updatetime CONUT(8)
17:10:13.250 : [.\SimulateQuotMgr.cpp][151]:=====select * from "AQUOTINFO_20140228" t where t.updatetime between '10:01:37' and '10:02:37' and t.validatedate = '20140228' order by t.updatetime CONUT(2)
17:10:13.265 : [.\SimulateQuotMgr.cpp][151]:=====select * from "AQUOTINFO_20140228" t where t.updatetime between '10:03:37' and '10:04:37' and t.validatedate = '20140228' order by t.updatetime CONUT(1)
17:10:13.312 : [.\SimulateQuotMgr.cpp][151]:=====select * from "AQUOTINFO_20140228" t where t.updatetime between '10:05:37' and '10:06:37' and t.validatedate = '20140228' order by t.updatetime CONUT(1)
17:10:13.312 : [.\SimulateQuotMgr.cpp][151]:=====select * from "AQUOTINFO_20140228" t where t.updatetime between '10:06:37' and '10:07:37' and t.validatedate = '20140228' order by t.updatetime CONUT(1)
17:10:13.328 : [.\SimulateQuotMgr.cpp][151]:=====select * from "AQUOTINFO_20140228" t where t.updatetime between '10:07:37' and '10:08:37' and t.validatedate = '20140228' order by t.updatetime CONUT(2)
17:10:13.343 : [.\SimulateQuotMgr.cpp][151]:=====select * from "AQUOTINFO_20140228" t where t.updatetime between '10:09:37' and '10:10:37' and t.validatedate = '20140228' order by t.updatetime CONUT(6)
17:10:13.343 : [.\SimulateQuotMgr.cpp][151]:=====select * from "AQUOTINFO_20140228" t where t.updatetime between '10:10:37' and '10:11:37' and t.validatedate = '20140228' order by t.updatetime CONUT(1)
17:10:13.359 : [.\SimulateQuotMgr.cpp][151]:=====select * from "AQUOTINFO_20140228" t where t.updatetime between '10:12:37' and '10:13:37' and t.validatedate = '20140228' order by t.updatetime CONUT(2)
17:10:13.375 : [.\SimulateQuotMgr.cpp][151]:=====select * from "AQUOTINFO_20140228" t where t.updatetime between '10:13:37' and '10:14:37' and t.validatedate = '20140228' order by t.updatetime CONUT(4)
17:10:13.390 : [.\SimulateQuotMgr.cpp][151]:=====select * from "AQUOTINFO_20140228" t where t.updatetime between '10:15:37' and '10:16:37' and t.validatedate = '20140228' order by t.updatetime CONUT(3)
17:10:13.406 : [.\SimulateQuotMgr.cpp][151]:=====select * from "AQUOTINFO_20140228" t where t.updatetime between '10:17:37' and '10:18:37' and t.validatedate = '20140228' order by t.updatetime CONUT(3)
17:10:13.406 : [.\SimulateQuotMgr.cpp][151]:=====select * from "AQUOTINFO_20140228" t where t.updatetime between '10:18:37' and '10:19:37' and t.validatedate = '20140228' order by t.updatetime CONUT(5)
17:10:13.421 : [.\SimulateQuotMgr.cpp][151]:=====select * from "AQUOTINFO_20140228" t where t.updatetime between '10:19:37' and '10:20:37' and t.validatedate = '20140228' order by t.updatetime CONUT(2)
17:10:13.437 : [.\SimulateQuotMgr.cpp][151]:=====select * from "AQUOTINFO_20140228" t where t.updatetime between '10:20:37' and '10:21:37' and t.validatedate = '20140228' order by t.updatetime CONUT(8)
17:10:13.437 : [.\SimulateQuotMgr.cpp][151]:=====select * from "AQUOTINFO_20140228" t where t.updatetime between '10:21:37' and '10:22:37' and t.validatedate = '20140228' order by t.updatetime CONUT(12)
17:10:13.890 : [.\SimulateQuotMgr.cpp][151]:=====select * from "AQUOTINFO_20140228" t where t.updatetime between '10:22:37' and '10:23:37' and t.validatedate = '20140228' order by t.updatetime CONUT(901)
17:10:14.421 : [.\SimulateQuotMgr.cpp][151]:=====select * from "AQUOTINFO_20140228" t where t.updatetime between '10:23:37' and '10:24:37' and t.validatedate = '20140228' order by t.updatetime CONUT(977)
17:10:14.968 : [.\SimulateQuotMgr.cpp][151]:=====select * from "AQUOTINFO_20140228" t where t.updatetime between '10:24:37' and '10:25:37' and t.validatedate = '20140228' order by t.updatetime CONUT(1017)
17:10:15.625 : [.\SimulateQuotMgr.cpp][151]:=====select * from "AQUOTINFO_20140228" t where t.updatetime between '10:25:37' and '10:26:37' and t.validatedate = '20140228' order by t.updatetime CONUT(1009)
17:10:16.187 : [.\SimulateQuotMgr.cpp][151]:=====select * from "AQUOTINFO_20140228" t where t.updatetime between '10:26:37' and '10:27:37' and t.validatedate = '20140228' order by t.updatetime CONUT(927)
17:10:16.625 : [.\SimulateQuotMgr.cpp][151]:=====select * from "AQUOTINFO_20140228" t where t.updatetime between '10:27:37' and '10:28:37' and t.validatedate = '20140228' order by t.updatetime CONUT(814)
17:10:17.109 : [.\SimulateQuotMgr.cpp][151]:=====select * from "AQUOTINFO_20140228" t where t.updatetime between '10:28:37' and '10:29:37' and t.validatedate = '20140228' order by t.updatetime CONUT(815)
17:10:17.531 : [.\SimulateQuotMgr.cpp][151]:=====select * from "AQUOTINFO_20140228" t where t.updatetime between '10:29:37' and '10:30:37' and t.validatedate = '20140228' order by t.updatetime CONUT(772)
17:10:18.078 : [.\SimulateQuotMgr.cpp][151]:=====select * from "AQUOTINFO_20140228" t where t.updatetime between '10:30:37' and '10:31:37' and t.validatedate = '20140228' order by t.updatetime CONUT(980)
17:10:18.593 : [.\SimulateQuotMgr.cpp][151]:=====select * from "AQUOTINFO_20140228" t where t.updatetime between '10:31:37' and '10:32:37' and t.validatedate = '20140228' order by t.updatetime CONUT(911)
17:10:19.093 : [.\SimulateQuotMgr.cpp][151]:=====select * from "AQUOTINFO_20140228" t where t.updatetime between '10:32:37' and '10:33:37' and t.validatedate = '20140228' order by t.updatetime CONUT(855)
17:10:32.109 : [.\SimulateQuotMgr.cpp][443]:模拟调用 Inst=IO1404-P-2450
17:10:49.156 : [.\SimulateQuotMgr.cpp][123]:GetSimulateQuotSize()>10000
17:11:19.156 : [.\SimulateQuotMgr.cpp][123]:GetSimulateQuotSize()>10000
17:11:49.156 : [.\SimulateQuotMgr.cpp][123]:GetSimulateQuotSize()>10000
17:12:19.156 : [.\SimulateQuotMgr.cpp][123]:GetSimulateQuotSize()>10000
17:12:46.375 : [.\SimulateQuotMgr.cpp][443]:模拟调用 Inst=IO1405-P-2250
17:12:49.156 : [.\SimulateQuotMgr.cpp][123]:GetSimulateQuotSize()>10000
17:13:19.156 : [.\SimulateQuotMgr.cpp][123]:GetSimulateQuotSize()>10000
17:13:49.156 : [.\SimulateQuotMgr.cpp][123]:GetSimulateQuotSize()>10000
17:14:12.375 : [.\SimulateQuotMgr.cpp][443]:模拟调用 Inst=IO1405-C-2400
17:14:12.375 : [.\SimulateQuotMgr.cpp][443]:模拟调用 Inst=IO1405-C-2400
17:14:19.156 : [.\SimulateQuotMgr.cpp][123]:GetSimulateQuotSize()>10000
17:14:49.156 : [.\SimulateQuotMgr.cpp][123]:GetSimulateQuotSize()>10000
17:15:19.156 : [.\SimulateQuotMgr.cpp][123]:GetSimulateQuotSize()>10000
17:15:49.156 : [.\SimulateQuotMgr.cpp][123]:GetSimulateQuotSize()>10000
17:16:19.156 : [.\SimulateQuotMgr.cpp][123]:GetSimulateQuotSize()>10000
17:16:46.375 : [.\SimulateQuotMgr.cpp][443]:模拟调用 Inst=IO1405-C-2200
17:16:46.375 : [.\SimulateQuotMgr.cpp][443]:模拟调用 Inst=IO1405-C-2200
17:16:49.156 : [.\SimulateQuotMgr.cpp][123]:GetSimulateQuotSize()>10000
17:17:19.156 : [.\SimulateQuotMgr.cpp][123]:GetSimulateQuotSize()>10000
17:17:49.156 : [.\SimulateQuotMgr.cpp][123]:GetSimulateQuotSize()>10000
17:18:19.156 : [.\SimulateQuotMgr.cpp][123]:GetSimulateQuotSize()>10000
17:18:28.375 : [.\SimulateQuotMgr.cpp][443]:模拟调用 Inst=IO1409-C-2500
17:18:49.156 : [.\SimulateQuotMgr.cpp][123]:GetSimulateQuotSize()>10000
17:19:05.375 : [.\SimulateQuotMgr.cpp][443]:模拟调用 Inst=IO1409-P-2100
17:19:19.156 : [.\SimulateQuotMgr.cpp][123]:GetSimulateQuotSize()>10000
17:19:49.156 : [.\SimulateQuotMgr.cpp][123]:GetSimulateQuotSize()>10000
17:20:19.156 : [.\SimulateQuotMgr.cpp][123]:GetSimulateQuotSize()>10000
17:20:41.375 : [.\SimulateQuotMgr.cpp][443]:模拟调用 Inst=IO1405-P-2300
17:20:41.375 : [.\SimulateQuotMgr.cpp][443]:模拟调用 Inst=IO1405-P-2300
17:20:49.156 : [.\SimulateQuotMgr.cpp][123]:GetSimulateQuotSize()>10000
17:20:49.375 : [.\SimulateQuotMgr.cpp][443]:模拟调用 Inst=IO1405-P-2350
17:20:49.375 : [.\SimulateQuotMgr.cpp][443]:模拟调用 Inst=IO1405-P-2350
17:21:12.375 : [.\SimulateQuotMgr.cpp][443]:模拟调用 Inst=IO1405-P-2400
17:21:12.375 : [.\SimulateQuotMgr.cpp][443]:模拟调用 Inst=IO1405-P-2400
17:21:19.156 : [.\SimulateQuotMgr.cpp][123]:GetSimulateQuotSize()>10000
17:21:19.546 : [.\SimulateQuotMgr.cpp][151]:=====select * from "AQUOTINFO_20140228" t where t.updatetime between '10:33:37' and '10:34:37' and t.validatedate = '20140228' order by t.updatetime CONUT(758)
17:21:20.265 : [.\SimulateQuotMgr.cpp][151]:=====select * from "AQUOTINFO_20140228" t where t.updatetime between '10:34:37' and '10:35:37' and t.validatedate = '20140228' order by t.updatetime CONUT(829)
17:21:20.812 : [.\SimulateQuotMgr.cpp][151]:=====select * from "AQUOTINFO_20140228" t where t.updatetime between '10:35:37' and '10:36:37' and t.validatedate = '20140228' order by t.updatetime CONUT(834)
17:21:21.296 : [.\SimulateQuotMgr.cpp][151]:=====select * from "AQUOTINFO_20140228" t where t.updatetime between '10:36:37' and '10:37:37' and t.validatedate = '20140228' order by t.updatetime CONUT(781)
17:21:21.765 : [.\SimulateQuotMgr.cpp][151]:=====select * from "AQUOTINFO_20140228" t where t.updatetime between '10:37:37' and '10:38:37' and t.validatedate = '20140228' order by t.updatetime CONUT(723)
17:21:22.218 : [.\SimulateQuotMgr.cpp][151]:=====select * from "AQUOTINFO_20140228" t where t.updatetime between '10:38:37' and '10:39:37' and t.validatedate = '20140228' order by t.updatetime CONUT(806)
17:21:22.718 : [.\SimulateQuotMgr.cpp][151]:=====select * from "AQUOTINFO_20140228" t where t.updatetime between '10:39:37' and '10:40:37' and t.validatedate = '20140228' order by t.updatetime CONUT(821)
17:21:23.234 : [.\SimulateQuotMgr.cpp][151]:=====select * from "AQUOTINFO_20140228" t where t.updatetime between '10:40:37' and '10:41:37' and t.validatedate = '20140228' order by t.updatetime CONUT(876)
17:21:23.750 : [.\SimulateQuotMgr.cpp][151]:=====select * from "AQUOTINFO_20140228" t where t.updatetime between '10:41:37' and '10:42:37' and t.validatedate = '20140228' order by t.updatetime CONUT(808)
17:21:24.250 : [.\SimulateQuotMgr.cpp][151]:=====select * from "AQUOTINFO_20140228" t where t.updatetime between '10:42:37' and '10:43:37' and t.validatedate = '20140228' order by t.updatetime CONUT(861)
17:21:24.796 : [.\SimulateQuotMgr.cpp][151]:=====select * from "AQUOTINFO_20140228" t where t.updatetime between '10:43:37' and '10:44:37' and t.validatedate = '20140228' order by t.updatetime CONUT(824)
17:21:25.312 : [.\SimulateQuotMgr.cpp][151]:=====select * from "AQUOTINFO_20140228" t where t.updatetime between '10:44:37' and '10:45:37' and t.validatedate = '20140228' order by t.updatetime CONUT(800)
17:21:25.765 : [.\SimulateQuotMgr.cpp][151]:=====select * from "AQUOTINFO_20140228" t where t.updatetime between '10:45:37' and '10:46:37' and t.validatedate = '20140228' order by t.updatetime CONUT(782)
17:21:55.843 : [.\SimulateQuotMgr.cpp][123]:GetSimulateQuotSize()>10000
17:22:25.843 : [.\SimulateQuotMgr.cpp][123]:GetSimulateQuotSize()>10000
17:22:55.843 : [.\SimulateQuotMgr.cpp][123]:GetSimulateQuotSize()>10000
17:23:25.843 : [.\SimulateQuotMgr.cpp][123]:GetSimulateQuotSize()>10000
17:23:36.500 : [.\SimulateQuotMgr.cpp][443]:模拟调用 Inst=IO1409-P-2200
17:23:36.500 : [.\SimulateQuotMgr.cpp][443]:模拟调用 Inst=IO1409-P-2200
17:23:55.843 : [.\SimulateQuotMgr.cpp][123]:GetSimulateQuotSize()>10000
17:24:25.843 : [.\SimulateQuotMgr.cpp][123]:GetSimulateQuotSize()>10000
17:24:55.843 : [.\SimulateQuotMgr.cpp][123]:GetSimulateQuotSize()>10000
17:25:25.843 : [.\SimulateQuotMgr.cpp][123]:GetSimulateQuotSize()>10000
17:25:27.500 : [.\SimulateQuotMgr.cpp][443]:模拟调用 Inst=IO1406-C-2000
17:25:27.500 : [.\SimulateQuotMgr.cpp][443]:模拟调用 Inst=IO1406-C-2000
17:25:55.843 : [.\SimulateQuotMgr.cpp][123]:GetSimulateQuotSize()>10000
17:26:25.843 : [.\SimulateQuotMgr.cpp][123]:GetSimulateQuotSize()>10000
17:26:55.843 : [.\SimulateQuotMgr.cpp][123]:GetSimulateQuotSize()>10000
17:27:21.500 : [.\SimulateQuotMgr.cpp][443]:模拟调用 Inst=IO1409-P-2500
17:27:21.500 : [.\SimulateQuotMgr.cpp][443]:模拟调用 Inst=IO1409-P-2500
17:27:25.843 : [.\SimulateQuotMgr.cpp][123]:GetSimulateQuotSize()>10000
17:27:39.500 : [.\SimulateQuotMgr.cpp][443]:模拟调用 Inst=IO1409-P-2400
17:27:39.500 : [.\SimulateQuotMgr.cpp][443]:模拟调用 Inst=IO1409-P-2400
17:27:55.843 : [.\SimulateQuotMgr.cpp][123]:GetSimulateQuotSize()>10000
17:28:25.843 : [.\SimulateQuotMgr.cpp][123]:GetSimulateQuotSize()>10000
17:28:35.500 : [.\SimulateQuotMgr.cpp][443]:模拟调用 Inst=IO1406-C-2500
17:28:55.843 : [.\SimulateQuotMgr.cpp][123]:GetSimulateQuotSize()>10000
17:29:25.843 : [.\SimulateQuotMgr.cpp][123]:GetSimulateQuotSize()>10000
17:29:33.500 : [.\SimulateQuotMgr.cpp][443]:模拟调用 Inst=IO1404-C-2350
17:29:33.500 : [.\SimulateQuotMgr.cpp][443]:模拟调用 Inst=IO1404-C-2350
17:29:55.843 : [.\SimulateQuotMgr.cpp][123]:GetSimulateQuotSize()>10000
17:30:25.843 : [.\SimulateQuotMgr.cpp][123]:GetSimulateQuotSize()>10000
17:30:55.843 : [.\SimulateQuotMgr.cpp][123]:GetSimulateQuotSize()>10000
17:31:21.500 : [.\SimulateQuotMgr.cpp][443]:模拟调用 Inst=IO1406-P-2600
17:31:21.500 : [.\SimulateQuotMgr.cpp][443]:模拟调用 Inst=IO1406-P-2600
17:31:25.843 : [.\SimulateQuotMgr.cpp][123]:GetSimulateQuotSize()>10000
17:31:55.843 : [.\SimulateQuotMgr.cpp][123]:GetSimulateQuotSize()>10000
17:32:25.843 : [.\SimulateQuotMgr.cpp][123]:GetSimulateQuotSize()>10000
17:32:32.500 : [.\SimulateQuotMgr.cpp][443]:模拟调用 Inst=IO1405-C-2000
17:32:32.500 : [.\SimulateQuotMgr.cpp][443]:模拟调用 Inst=IO1405-C-2000
17:32:47.500 : [.\SimulateQuotMgr.cpp][443]:模拟调用 Inst=IO1405-C-2050
17:32:47.500 : [.\SimulateQuotMgr.cpp][443]:模拟调用 Inst=IO1405-C-2050
17:32:55.843 : [.\SimulateQuotMgr.cpp][123]:GetSimulateQuotSize()>10000
17:32:56.500 : [.\SimulateQuotMgr.cpp][443]:模拟调用 Inst=IO1405-C-2100
17:32:56.500 : [.\SimulateQuotMgr.cpp][443]:模拟调用 Inst=IO1405-C-2100
17:33:25.843 : [.\SimulateQuotMgr.cpp][123]:GetSimulateQuotSize()>10000
17:33:55.843 : [.\SimulateQuotMgr.cpp][123]:GetSimulateQuotSize()>10000
17:34:25.843 : [.\SimulateQuotMgr.cpp][123]:GetSimulateQuotSize()>10000
17:34:55.843 : [.\SimulateQuotMgr.cpp][123]:GetSimulateQuotSize()>10000
17:35:25.843 : [.\SimulateQuotMgr.cpp][123]:GetSimulateQuotSize()>10000
17:35:55.843 : [.\SimulateQuotMgr.cpp][123]:GetSimulateQuotSize()>10000
17:36:25.843 : [.\SimulateQuotMgr.cpp][123]:GetSimulateQuotSize()>10000
17:36:55.843 : [.\SimulateQuotMgr.cpp][123]:GetSimulateQuotSize()>10000
17:37:25.843 : [.\SimulateQuotMgr.cpp][123]:GetSimulateQuotSize()>10000
17:37:55.843 : [.\SimulateQuotMgr.cpp][123]:GetSimulateQuotSize()>10000
17:38:31.531 : [.\SimulateQuotMgr.cpp][123]:GetSimulateQuotSize()>10000
17:39:01.531 : [.\SimulateQuotMgr.cpp][123]:GetSimulateQuotSize()>10000
17:39:31.531 : [.\SimulateQuotMgr.cpp][123]:GetSimulateQuotSize()>10000
17:40:01.531 : [.\SimulateQuotMgr.cpp][123]:GetSimulateQuotSize()>10000
17:40:31.531 : [.\SimulateQuotMgr.cpp][123]:GetSimulateQuotSize()>10000
17:41:01.531 : [.\SimulateQuotMgr.cpp][123]:GetSimulateQuotSize()>10000
17:41:18.500 : [.\SimulateQuotMgr.cpp][443]:模拟调用 Inst=IO1405-P-2000
17:41:18.500 : [.\SimulateQuotMgr.cpp][443]:模拟调用 Inst=IO1405-P-2000
17:41:31.531 : [.\SimulateQuotMgr.cpp][123]:GetSimulateQuotSize()>10000
17:41:37.500 : [.\SimulateQuotMgr.cpp][443]:模拟调用 Inst=IO1405-P-2050
17:41:37.500 : [.\SimulateQuotMgr.cpp][443]:模拟调用 Inst=IO1405-P-2050
17:41:52.500 : [.\SimulateQuotMgr.cpp][443]:模拟调用 Inst=IO1405-P-2100
17:41:52.500 : [.\SimulateQuotMgr.cpp][443]:模拟调用 Inst=IO1405-P-2100
17:42:01.531 : [.\SimulateQuotMgr.cpp][123]:GetSimulateQuotSize()>10000
17:42:11.500 : [.\SimulateQuotMgr.cpp][443]:模拟调用 Inst=IO1405-P-2150
17:42:11.500 : [.\SimulateQuotMgr.cpp][443]:模拟调用 Inst=IO1405-P-2150
17:42:31.531 : [.\SimulateQuotMgr.cpp][123]:GetSimulateQuotSize()>10000
17:43:01.531 : [.\SimulateQuotMgr.cpp][123]:GetSimulateQuotSize()>10000
17:43:02.500 : [.\SimulateQuotMgr.cpp][443]:模拟调用 Inst=IO1405-C-2150
17:43:02.500 : [.\SimulateQuotMgr.cpp][443]:模拟调用 Inst=IO1405-C-2150
17:43:31.531 : [.\SimulateQuotMgr.cpp][123]:GetSimulateQuotSize()>10000
17:44:01.531 : [.\SimulateQuotMgr.cpp][123]:GetSimulateQuotSize()>10000
17:44:31.531 : [.\SimulateQuotMgr.cpp][123]:GetSimulateQuotSize()>10000
17:44:41.500 : [.\SimulateQuotMgr.cpp][443]:模拟调用 Inst=IO1404-P-2300
17:45:01.531 : [.\SimulateQuotMgr.cpp][123]:GetSimulateQuotSize()>10000
17:45:31.531 : [.\SimulateQuotMgr.cpp][123]:GetSimulateQuotSize()>10000
17:46:01.531 : [.\SimulateQuotMgr.cpp][123]:GetSimulateQuotSize()>10000
17:46:29.515 : [.\PlatformCTPQuot.cpp][289]:CPlatformCTPQuot::OnFrontDisconnected(与交易所失去TCP连接):nReason=[0x1001]
17:46:31.531 : [.\SimulateQuotMgr.cpp][123]:GetSimulateQuotSize()>10000
17:46:36.500 : [.\SimulateQuotMgr.cpp][443]:模拟调用 Inst=IO1409-P-2300
17:46:37.343 : [.\PlatformCTPQuotImpl.cpp][222]:=========》ReInitCtpConnect

17:46:37.343 : [.\PlatformCTPQuot.cpp][61]:Login()成功：已经有有效m_pQuotApi(773da68)
17:47:01.531 : [.\SimulateQuotMgr.cpp][123]:GetSimulateQuotSize()>10000
17:47:07.343 : [.\PlatformCTPQuotImpl.cpp][222]:=========》ReInitCtpConnect

17:47:07.343 : [.\PlatformCTPQuot.cpp][61]:Login()成功：已经有有效m_pQuotApi(773da68)
17:47:31.531 : [.\SimulateQuotMgr.cpp][123]:GetSimulateQuotSize()>10000
17:47:37.343 : [.\PlatformCTPQuotImpl.cpp][222]:=========》ReInitCtpConnect

17:47:37.343 : [.\PlatformCTPQuot.cpp][61]:Login()成功：已经有有效m_pQuotApi(773da68)
17:47:37.500 : [.\SimulateQuotMgr.cpp][443]:模拟调用 Inst=IO1409-C-2400
17:48:01.531 : [.\SimulateQuotMgr.cpp][123]:GetSimulateQuotSize()>10000
17:48:07.343 : [.\PlatformCTPQuotImpl.cpp][222]:=========》ReInitCtpConnect

17:48:07.343 : [.\PlatformCTPQuot.cpp][61]:Login()成功：已经有有效m_pQuotApi(773da68)
17:48:31.500 : [.\SimulateQuotMgr.cpp][443]:模拟调用 Inst=IO1406-P-2700
17:48:31.500 : [.\SimulateQuotMgr.cpp][443]:模拟调用 Inst=IO1406-P-2700
17:48:31.531 : [.\SimulateQuotMgr.cpp][123]:GetSimulateQuotSize()>10000
17:48:37.343 : [.\PlatformCTPQuotImpl.cpp][222]:=========》ReInitCtpConnect

17:48:37.343 : [.\PlatformCTPQuot.cpp][61]:Login()成功：已经有有效m_pQuotApi(773da68)
17:49:01.546 : [.\SimulateQuotMgr.cpp][123]:GetSimulateQuotSize()>10000
17:49:07.343 : [.\PlatformCTPQuotImpl.cpp][222]:=========》ReInitCtpConnect

17:49:07.343 : [.\PlatformCTPQuot.cpp][61]:Login()成功：已经有有效m_pQuotApi(773da68)
17:49:31.562 : [.\SimulateQuotMgr.cpp][123]:GetSimulateQuotSize()>10000
17:49:37.343 : [.\PlatformCTPQuotImpl.cpp][222]:=========》ReInitCtpConnect

17:49:37.343 : [.\PlatformCTPQuot.cpp][61]:Login()成功：已经有有效m_pQuotApi(773da68)
17:50:01.562 : [.\SimulateQuotMgr.cpp][123]:GetSimulateQuotSize()>10000
17:50:07.343 : [.\PlatformCTPQuotImpl.cpp][222]:=========》ReInitCtpConnect

17:50:07.343 : [.\PlatformCTPQuot.cpp][61]:Login()成功：已经有有效m_pQuotApi(773da68)
17:50:26.500 : [.\SimulateQuotMgr.cpp][443]:模拟调用 Inst=IO1406-C-2600
17:50:27.500 : [.\SimulateQuotMgr.cpp][443]:模拟调用 Inst=IO1406-P-2500
17:50:27.500 : [.\SimulateQuotMgr.cpp][443]:模拟调用 Inst=IO1409-C-2100
17:50:27.500 : [.\SimulateQuotMgr.cpp][443]:模拟调用 Inst=IO1409-C-2200
17:50:27.500 : [.\SimulateQuotMgr.cpp][443]:模拟调用 Inst=IO1409-C-2300
17:50:27.500 : [.\SimulateQuotMgr.cpp][443]:模拟调用 Inst=IO1404-C-2100
17:50:31.578 : [.\SimulateQuotMgr.cpp][123]:GetSimulateQuotSize()>10000
17:50:37.343 : [.\PlatformCTPQuotImpl.cpp][222]:=========》ReInitCtpConnect

17:50:37.343 : [.\PlatformCTPQuot.cpp][61]:Login()成功：已经有有效m_pQuotApi(773da68)
17:51:01.578 : [.\SimulateQuotMgr.cpp][123]:GetSimulateQuotSize()>10000
17:51:07.343 : [.\PlatformCTPQuotImpl.cpp][222]:=========》ReInitCtpConnect

17:51:07.343 : [.\PlatformCTPQuot.cpp][61]:Login()成功：已经有有效m_pQuotApi(773da68)
17:51:31.578 : [.\SimulateQuotMgr.cpp][123]:GetSimulateQuotSize()>10000
17:51:37.343 : [.\PlatformCTPQuotImpl.cpp][222]:=========》ReInitCtpConnect

17:51:37.343 : [.\PlatformCTPQuot.cpp][61]:Login()成功：已经有有效m_pQuotApi(773da68)
17:52:01.578 : [.\SimulateQuotMgr.cpp][123]:GetSimulateQuotSize()>10000
17:52:07.343 : [.\PlatformCTPQuotImpl.cpp][222]:=========》ReInitCtpConnect

17:52:07.343 : [.\PlatformCTPQuot.cpp][61]:Login()成功：已经有有效m_pQuotApi(773da68)
17:52:12.500 : [.\SimulateQuotMgr.cpp][443]:模拟调用 Inst=IO1406-C-2700
17:52:31.593 : [.\SimulateQuotMgr.cpp][123]:GetSimulateQuotSize()>10000
17:52:37.343 : [.\PlatformCTPQuotImpl.cpp][222]:=========》ReInitCtpConnect

17:52:37.343 : [.\PlatformCTPQuot.cpp][61]:Login()成功：已经有有效m_pQuotApi(773da68)
17:53:01.593 : [.\SimulateQuotMgr.cpp][123]:GetSimulateQuotSize()>10000
17:53:07.343 : [.\PlatformCTPQuotImpl.cpp][222]:=========》ReInitCtpConnect

17:53:07.343 : [.\PlatformCTPQuot.cpp][61]:Login()成功：已经有有效m_pQuotApi(773da68)
17:53:31.593 : [.\SimulateQuotMgr.cpp][123]:GetSimulateQuotSize()>10000
17:53:37.343 : [.\PlatformCTPQuotImpl.cpp][222]:=========》ReInitCtpConnect

17:53:37.343 : [.\PlatformCTPQuot.cpp][61]:Login()成功：已经有有效m_pQuotApi(773da68)
17:53:39.515 : [.\SimulateQuotMgr.cpp][443]:模拟调用 Inst=IO1404-P-2150
17:54:01.593 : [.\SimulateQuotMgr.cpp][123]:GetSimulateQuotSize()>10000
17:54:07.343 : [.\PlatformCTPQuotImpl.cpp][222]:=========》ReInitCtpConnect

17:54:07.343 : [.\PlatformCTPQuot.cpp][61]:Login()成功：已经有有效m_pQuotApi(773da68)
17:54:12.515 : [.\SimulateQuotMgr.cpp][443]:模拟调用 Inst=IO1403-P-2600
17:54:15.515 : [.\SimulateQuotMgr.cpp][443]:模拟调用 Inst=IO1409-C-2000
17:54:15.515 : [.\SimulateQuotMgr.cpp][443]:模拟调用 Inst=IO1409-C-2000
17:54:31.593 : [.\SimulateQuotMgr.cpp][123]:GetSimulateQuotSize()>10000
17:54:37.343 : [.\PlatformCTPQuotImpl.cpp][222]:=========》ReInitCtpConnect

17:54:37.343 : [.\PlatformCTPQuot.cpp][61]:Login()成功：已经有有效m_pQuotApi(773da68)
17:54:45.515 : [.\SimulateQuotMgr.cpp][443]:模拟调用 Inst=IO1403-P-2700
17:54:46.515 : [.\SimulateQuotMgr.cpp][443]:模拟调用 Inst=IO1404-P-2200
17:55:01.593 : [.\SimulateQuotMgr.cpp][123]:GetSimulateQuotSize()>10000
17:55:07.343 : [.\PlatformCTPQuotImpl.cpp][222]:=========》ReInitCtpConnect

17:55:07.343 : [.\PlatformCTPQuot.cpp][61]:Login()成功：已经有有效m_pQuotApi(773da68)
17:55:31.593 : [.\SimulateQuotMgr.cpp][123]:GetSimulateQuotSize()>10000
17:55:37.343 : [.\PlatformCTPQuotImpl.cpp][222]:=========》ReInitCtpConnect

17:55:37.343 : [.\PlatformCTPQuot.cpp][61]:Login()成功：已经有有效m_pQuotApi(773da68)
17:56:01.593 : [.\SimulateQuotMgr.cpp][123]:GetSimulateQuotSize()>10000
17:56:07.343 : [.\PlatformCTPQuotImpl.cpp][222]:=========》ReInitCtpConnect

17:56:07.343 : [.\PlatformCTPQuot.cpp][61]:Login()成功：已经有有效m_pQuotApi(773da68)
17:56:31.593 : [.\SimulateQuotMgr.cpp][123]:GetSimulateQuotSize()>10000
17:56:37.343 : [.\PlatformCTPQuotImpl.cpp][222]:=========》ReInitCtpConnect

17:56:37.343 : [.\PlatformCTPQuot.cpp][61]:Login()成功：已经有有效m_pQuotApi(773da68)
17:57:00.515 : [.\SimulateQuotMgr.cpp][443]:模拟调用 Inst=IO1404-C-2200
17:57:01.593 : [.\SimulateQuotMgr.cpp][123]:GetSimulateQuotSize()>10000
17:57:02.515 : [.\SimulateQuotMgr.cpp][443]:模拟调用 Inst=IO1404-C-2450
17:57:02.515 : [.\SimulateQuotMgr.cpp][443]:模拟调用 Inst=IO1404-C-2450
17:57:07.343 : [.\PlatformCTPQuotImpl.cpp][222]:=========》ReInitCtpConnect

17:57:07.343 : [.\PlatformCTPQuot.cpp][61]:Login()成功：已经有有效m_pQuotApi(773da68)
17:57:31.593 : [.\SimulateQuotMgr.cpp][123]:GetSimulateQuotSize()>10000
17:57:37.343 : [.\PlatformCTPQuotImpl.cpp][222]:=========》ReInitCtpConnect

17:57:37.343 : [.\PlatformCTPQuot.cpp][61]:Login()成功：已经有有效m_pQuotApi(773da68)
17:58:01.593 : [.\SimulateQuotMgr.cpp][123]:GetSimulateQuotSize()>10000
17:58:07.343 : [.\PlatformCTPQuotImpl.cpp][222]:=========》ReInitCtpConnect

17:58:07.343 : [.\PlatformCTPQuot.cpp][61]:Login()成功：已经有有效m_pQuotApi(773da68)
17:58:29.515 : [.\SimulateQuotMgr.cpp][443]:模拟调用 Inst=IO1406-P-2000
17:58:31.593 : [.\SimulateQuotMgr.cpp][123]:GetSimulateQuotSize()>10000
17:58:34.515 : [.\SimulateQuotMgr.cpp][443]:模拟调用 Inst=IO1404-C-2050
17:58:37.343 : [.\PlatformCTPQuotImpl.cpp][222]:=========》ReInitCtpConnect

17:58:37.343 : [.\PlatformCTPQuot.cpp][61]:Login()成功：已经有有效m_pQuotApi(773da68)
17:58:53.515 : [.\SimulateQuotMgr.cpp][443]:模拟调用 Inst=IO1405-C-2250
17:59:01.593 : [.\SimulateQuotMgr.cpp][123]:GetSimulateQuotSize()>10000
17:59:07.343 : [.\PlatformCTPQuotImpl.cpp][222]:=========》ReInitCtpConnect

17:59:07.343 : [.\PlatformCTPQuot.cpp][61]:Login()成功：已经有有效m_pQuotApi(773da68)
17:59:31.593 : [.\SimulateQuotMgr.cpp][123]:GetSimulateQuotSize()>10000
17:59:37.343 : [.\PlatformCTPQuotImpl.cpp][222]:=========》ReInitCtpConnect

17:59:37.343 : [.\PlatformCTPQuot.cpp][61]:Login()成功：已经有有效m_pQuotApi(773da68)
17:59:41.531 : [.\SimulateQuotMgr.cpp][443]:模拟调用 Inst=TF1409
17:59:47.531 : [.\SimulateQuotMgr.cpp][443]:模拟调用 Inst=IO1403-C-2500
18:00:00.531 : [.\SimulateQuotMgr.cpp][443]:模拟调用 Inst=IO1403-C-2600
18:00:01.593 : [.\SimulateQuotMgr.cpp][123]:GetSimulateQuotSize()>10000
18:00:07.343 : [.\PlatformCTPQuotImpl.cpp][222]:=========》ReInitCtpConnect

18:00:07.343 : [.\PlatformCTPQuot.cpp][61]:Login()成功：已经有有效m_pQuotApi(773da68)
18:00:12.531 : [.\SimulateQuotMgr.cpp][443]:模拟调用 Inst=IO1404-P-2350
18:00:12.531 : [.\SimulateQuotMgr.cpp][443]:模拟调用 Inst=IO1404-P-2350
18:00:31.593 : [.\SimulateQuotMgr.cpp][123]:GetSimulateQuotSize()>10000
18:00:37.343 : [.\PlatformCTPQuotImpl.cpp][222]:=========》ReInitCtpConnect

18:00:37.343 : [.\PlatformCTPQuot.cpp][61]:Login()成功：已经有有效m_pQuotApi(773da68)
18:01:01.593 : [.\SimulateQuotMgr.cpp][123]:GetSimulateQuotSize()>10000
18:01:07.343 : [.\PlatformCTPQuotImpl.cpp][222]:=========》ReInitCtpConnect

18:01:07.343 : [.\PlatformCTPQuot.cpp][61]:Login()成功：已经有有效m_pQuotApi(773da68)
18:01:12.531 : [.\SimulateQuotMgr.cpp][443]:模拟调用 Inst=IO1405-C-2300
18:01:12.531 : [.\SimulateQuotMgr.cpp][443]:模拟调用 Inst=IO1405-C-2300
18:01:19.531 : [.\SimulateQuotMgr.cpp][443]:模拟调用 Inst=IO1404-C-2300
18:01:19.531 : [.\SimulateQuotMgr.cpp][443]:模拟调用 Inst=IO1404-C-2300
18:01:31.593 : [.\SimulateQuotMgr.cpp][123]:GetSimulateQuotSize()>10000
18:01:37.343 : [.\PlatformCTPQuotImpl.cpp][222]:=========》ReInitCtpConnect

18:01:37.343 : [.\PlatformCTPQuot.cpp][61]:Login()成功：已经有有效m_pQuotApi(773da68)
18:01:41.531 : [.\SimulateQuotMgr.cpp][443]:模拟调用 Inst=IO1403-P-2000
18:01:43.531 : [.\SimulateQuotMgr.cpp][443]:模拟调用 Inst=IO1404-C-2150
18:01:46.531 : [.\SimulateQuotMgr.cpp][443]:模拟调用 Inst=IO1404-C-2400
