2015-01-10  10:44:16.046 : TID:	    9044	CWinService::mainService_WorkerThread_RunMode(RUNCMD)
2015-01-10  10:48:34.812 : TID:	    5512	CTcpServerWorker::SocketThreadWorker
2015-01-10  10:48:34.812 : TID:	    9824	CWinService::mainService_WorkerThread_RunMode(RUNCMD)
2015-01-10  16:09:05.250 : TID:	   10616	CUdpSimpleWorker::SocketThreadWorker
2015-01-10  16:09:05.281 : TID:	    5740	CTcpServerWorker::SocketThreadWorker
2015-01-10  16:09:05.281 : TID:	    8160	CWinService::mainService_WorkerThread_RunMode(RUNCMD)
2015-01-14  09:11:49.000 : TID:	    5936	CUdpSimpleWorker::SocketThreadWorker
2015-01-14  09:11:49.031 : TID:	    3852	CTcpServerWorker::SocketThreadWorker
2015-01-14  09:11:49.031 : TID:	    4820	CWinService::mainService_WorkerThread_RunMode(RUNCMD)
2015-01-14  09:54:09.640 : TID:	    3212	CUdpSimpleWorker::SocketThreadWorker
2015-01-14  09:54:09.687 : TID:	    4304	CTcpServerWorker::SocketThreadWorker
2015-01-14  09:54:09.687 : TID:	    5596	CWinService::mainService_WorkerThread_RunMode(RUNCMD)
2015-01-14  09:54:37.031 : TID:	    2808	CUdpSimpleWorker::SocketThreadWorker
2015-01-14  09:54:37.046 : TID:	    2116	CTcpServerWorker::SocketThreadWorker
2015-01-14  09:54:37.046 : TID:	    4132	CWinService::mainService_WorkerThread_RunMode(RUNCMD)
2015-01-14  11:28:38.875 : TID:	    3044	CUdpSimpleWorker::SocketThreadWorker
2015-01-14  11:28:38.890 : TID:	    4932	CTcpServerWorker::SocketThreadWorker
2015-01-14  11:28:38.890 : TID:	    4708	CWinService::mainService_WorkerThread_RunMode(RUNCMD)
2015-01-14  11:44:09.515 : TID:	    3336	CUdpSimpleWorker::SocketThreadWorker
2015-01-14  11:44:09.531 : TID:	    4884	CTcpServerWorker::SocketThreadWorker
2015-01-14  11:44:09.531 : TID:	    5364	CWinService::mainService_WorkerThread_RunMode(RUNCMD)
2015-01-14  11:45:30.828 : TID:	    5904	CUdpSimpleWorker::SocketThreadWorker
2015-01-14  11:45:30.843 : TID:	     236	CTcpServerWorker::SocketThreadWorker
2015-01-14  11:45:30.843 : TID:	    5984	CWinService::mainService_WorkerThread_RunMode(RUNCMD)
2015-01-14  15:17:49.625 : TID:	     456	CUdpSimpleWorker::SocketThreadWorker
2015-01-14  15:17:49.671 : TID:	    3324	CTcpServerWorker::SocketThreadWorker
2015-01-14  15:17:49.671 : TID:	    4324	CWinService::mainService_WorkerThread_RunMode(RUNCMD)
2015-01-14  15:29:33.828 : TID:	    4804	CUdpSimpleWorker::SocketThreadWorker
2015-01-14  15:29:33.875 : TID:	    5072	CTcpServerWorker::SocketThreadWorker
2015-01-14  15:29:33.875 : TID:	     936	CWinService::mainService_WorkerThread_RunMode(RUNCMD)
2015-01-15  08:55:58.593 : TID:	     944	CUdpSimpleWorker::SocketThreadWorker
